<?xml version="1.0" encoding="UTF-8"?>
<testng-results skipped="0" failed="0" total="1" passed="1">
  <reporter-output>
  </reporter-output>
  <suite name="Default suite" duration-ms="22146" started-at="2019-06-06T20:27:39Z" finished-at="2019-06-06T20:28:01Z">
    <groups>
    </groups>
    <test name="Default test" duration-ms="22146" started-at="2019-06-06T20:27:39Z" finished-at="2019-06-06T20:28:01Z">
      <class name="ResourceMaven.AppTest">
        <test-method status="PASS" signature="launchApp()[pri:0, instance:ResourceMaven.AppTest@598067a5]" name="launchApp" is-config="true" duration-ms="38915" started-at="2019-06-07T01:57:00Z" finished-at="2019-06-07T01:57:39Z">
          <reporter-output>
          </reporter-output>
        </test-method> <!-- launchApp -->
        <test-method status="PASS" signature="primusbankBatchTest()[pri:0, instance:ResourceMaven.AppTest@598067a5]" name="primusbankBatchTest" duration-ms="22106" started-at="2019-06-07T01:57:39Z" finished-at="2019-06-07T01:58:01Z">
          <reporter-output>
          </reporter-output>
        </test-method> <!-- primusbankBatchTest -->
        <test-method status="PASS" signature="closeApp()[pri:0, instance:ResourceMaven.AppTest@598067a5]" name="closeApp" is-config="true" duration-ms="492" started-at="2019-06-07T01:58:01Z" finished-at="2019-06-07T01:58:02Z">
          <reporter-output>
          </reporter-output>
        </test-method> <!-- closeApp -->
      </class> <!-- ResourceMaven.AppTest -->
    </test> <!-- Default test -->
  </suite> <!-- Default suite -->
</testng-results>
